<?xml version="1.0" encoding="UTF-8"?>
<testsuite xmlns:xsi="http://www.w3.org/2001/XMLSchema-instance" xsi:noNamespaceSchemaLocation="https://maven.apache.org/surefire/maven-surefire-plugin/xsd/surefire-test-report-3.0.xsd" version="3.0" name="com.shivam.MathUtilsTest" time="0.05" tests="5" errors="0" skipped="2" failures="0">
  <properties>
[...]
</properties>
  <testcase name="testDvide" classname="com.shivam.MathUtilsTest" time="0.023">
    <system-out><![CDATA[This method runs before any methods is run i.e even before the class MathUtilsTest is initialised by Junit Framework engine hence it is declared as static method 
This method runs after each @Test menthod has run 
]]></system-out>
  </testcase>
  <testcase name="test" classname="com.shivam.MathUtilsTest" time="0">
    <skipped message="void com.shivam.MathUtilsTest.test() is @Disabled"/>
  </testcase>
  <testcase name="test1" classname="com.shivam.MathUtilsTest" time="0.003">
    <system-out><![CDATA[This method runs after each @Test menthod has run 
]]></system-out>
  </testcase>
  <testcase name="test2" classname="com.shivam.MathUtilsTest" time="0">
    <skipped message="void com.shivam.MathUtilsTest.test2() is @Disabled"/>
  </testcase>
  <testcase name="calculateCircleArea" classname="com.shivam.MathUtilsTest" time="0.002">
    <system-out><![CDATA[This method runs after each @Test menthod has run 
]]></system-out>
  </testcase>
</testsuite>